2022.11.07 15:18:16 INFO  tracing is disabled for protocol LSP, to enable tracing of incoming and outgoing JSON messages create an empty file at /Users/saianoop/Downloads/wikipedia/.metals/lsp.trace.json or /Users/saianoop/Library/Caches/org.scalameta.metals/lsp.trace.json
2022.11.07 15:18:18 INFO  logging to file /Users/saianoop/Downloads/wikipedia/.metals/metals.log
2022.11.07 15:18:18 INFO  Started: Metals version 0.11.9 in workspace '/Users/saianoop/Downloads/wikipedia' for client Visual Studio Code 1.73.0.
2022.11.07 15:18:22 INFO  time: initialize in 3.43s
2022.11.07 15:18:33 WARN  Build server is not auto-connectable.
2022.11.07 15:18:33 WARN  no build target for: /Users/saianoop/Downloads/wikipedia/src/test/scala/WikipediaSuite.scala
2022.11.07 15:18:33 WARN  no build target for: /Users/saianoop/Downloads/wikipedia/src/main/scala/WikipediaData.scala
2022.11.07 15:18:33 WARN  no build target for: /Users/saianoop/Downloads/wikipedia/src/main/scala/WikipediaRanking.scala
2022.11.07 15:18:52 INFO  no build target found for /Users/saianoop/Downloads/wikipedia/src/main/scala/WikipediaRanking.scala. Using presentation compiler with project's scala-library version: 3.2.0
Nov 07, 2022 3:18:53 PM org.eclipse.lsp4j.jsonrpc.RemoteEndpoint handleCancellation
WARNING: Unmatched cancel notification for request id 2
2022.11.07 15:18:57 INFO  time: code lens generation in 24s
2022.11.07 15:18:58 INFO  time: code lens generation in 25s
2022.11.07 15:19:01 WARN  no build target for: /Users/saianoop/Downloads/wikipedia/src/main/scala/WikipediaRanking.scala
Nov 07, 2022 3:19:01 PM org.eclipse.lsp4j.jsonrpc.RemoteEndpoint handleCancellation
WARNING: Unmatched cancel notification for request id 9
Nov 07, 2022 3:19:01 PM org.eclipse.lsp4j.jsonrpc.RemoteEndpoint handleCancellation
WARNING: Unmatched cancel notification for request id 10
Nov 07, 2022 3:19:01 PM org.eclipse.lsp4j.jsonrpc.RemoteEndpoint handleCancellation
WARNING: Unmatched cancel notification for request id 3
Nov 07, 2022 3:19:01 PM org.eclipse.lsp4j.jsonrpc.RemoteEndpoint handleCancellation
WARNING: Unmatched cancel notification for request id 5
Nov 07, 2022 3:19:01 PM org.eclipse.lsp4j.jsonrpc.RemoteEndpoint handleCancellation
WARNING: Unmatched cancel notification for request id 1
Nov 07, 2022 3:19:02 PM org.eclipse.lsp4j.jsonrpc.RemoteEndpoint handleCancellation
WARNING: Unmatched cancel notification for request id 17
Nov 07, 2022 3:19:02 PM org.eclipse.lsp4j.jsonrpc.RemoteEndpoint handleCancellation
WARNING: Unmatched cancel notification for request id 24
Nov 07, 2022 3:19:02 PM org.eclipse.lsp4j.jsonrpc.RemoteEndpoint handleCancellation
WARNING: Unmatched cancel notification for request id 16
2022.11.07 15:19:02 INFO  running '/Users/saianoop/.jabba/jdk/adopt@1.11.0-11/Contents/Home/bin/java -Djline.terminal=jline.UnsupportedTerminal -Dsbt.log.noformat=true -Dfile.encoding=UTF-8 -jar /var/folders/4p/q__46jps0299_v9st9dnyj3c0000gn/T/metals4360276162047394734/sbt-launch.jar -Dbloop.export-jar-classifiers=sources bloopInstall'
Nov 07, 2022 3:19:02 PM org.eclipse.lsp4j.jsonrpc.RemoteEndpoint handleCancellation
WARNING: Unmatched cancel notification for request id 28
Nov 07, 2022 3:19:02 PM org.eclipse.lsp4j.jsonrpc.RemoteEndpoint handleCancellation
WARNING: Unmatched cancel notification for request id 27
2022.11.07 15:19:02 WARN  no build target for: /Users/saianoop/Downloads/wikipedia/src/main/scala/WikipediaRanking.scala
Nov 07, 2022 3:19:02 PM org.eclipse.lsp4j.jsonrpc.RemoteEndpoint handleCancellation
WARNING: Unmatched cancel notification for request id 18
2022.11.07 15:19:02 WARN  no build target for: /Users/saianoop/Downloads/wikipedia/src/main/scala/WikipediaRanking.scala
Nov 07, 2022 3:19:02 PM org.eclipse.lsp4j.jsonrpc.RemoteEndpoint fallbackResponseError
SEVERE: Internal error: scala.meta.internal.metals.debug.BuildTargetNotFoundForPathException: No build target could be found for the path: /Users/saianoop/Downloads/wikipedia/src/main/scala/WikipediaRanking.scala
java.util.concurrent.CompletionException: scala.meta.internal.metals.debug.BuildTargetNotFoundForPathException: No build target could be found for the path: /Users/saianoop/Downloads/wikipedia/src/main/scala/WikipediaRanking.scala
	at java.base/java.util.concurrent.CompletableFuture.encodeThrowable(CompletableFuture.java:331)
	at java.base/java.util.concurrent.CompletableFuture.uniAcceptNow(CompletableFuture.java:743)
	at java.base/java.util.concurrent.CompletableFuture.uniAcceptStage(CompletableFuture.java:731)
	at java.base/java.util.concurrent.CompletableFuture.thenAcceptAsync(CompletableFuture.java:2112)
	at scala.concurrent.java8.FuturesConvertersImpl$CF.thenAccept(FutureConvertersImpl.scala:37)
	at org.eclipse.lsp4j.jsonrpc.RemoteEndpoint.handleRequest(RemoteEndpoint.java:279)
	at org.eclipse.lsp4j.jsonrpc.RemoteEndpoint.consume(RemoteEndpoint.java:190)
	at org.eclipse.lsp4j.jsonrpc.json.StreamMessageProducer.handleMessage(StreamMessageProducer.java:194)
	at org.eclipse.lsp4j.jsonrpc.json.StreamMessageProducer.listen(StreamMessageProducer.java:94)
	at org.eclipse.lsp4j.jsonrpc.json.ConcurrentMessageProcessor.run(ConcurrentMessageProcessor.java:113)
	at java.base/java.util.concurrent.Executors$RunnableAdapter.call(Executors.java:515)
	at java.base/java.util.concurrent.FutureTask.run(FutureTask.java:264)
	at java.base/java.util.concurrent.ThreadPoolExecutor.runWorker(ThreadPoolExecutor.java:1128)
	at java.base/java.util.concurrent.ThreadPoolExecutor$Worker.run(ThreadPoolExecutor.java:628)
	at java.base/java.lang.Thread.run(Thread.java:829)
Caused by: scala.meta.internal.metals.debug.BuildTargetNotFoundForPathException: No build target could be found for the path: /Users/saianoop/Downloads/wikipedia/src/main/scala/WikipediaRanking.scala
	at scala.meta.internal.metals.debug.DebugProvider.debugDiscovery(DebugProvider.scala:412)
	at scala.meta.internal.metals.MetalsLanguageServer.executeCommand(MetalsLanguageServer.scala:1963)
	at java.base/jdk.internal.reflect.NativeMethodAccessorImpl.invoke0(Native Method)
	at java.base/jdk.internal.reflect.NativeMethodAccessorImpl.invoke(NativeMethodAccessorImpl.java:62)
	at java.base/jdk.internal.reflect.DelegatingMethodAccessorImpl.invoke(DelegatingMethodAccessorImpl.java:43)
	at java.base/java.lang.reflect.Method.invoke(Method.java:566)
	at org.eclipse.lsp4j.jsonrpc.services.GenericEndpoint.lambda$null$0(GenericEndpoint.java:65)
	at org.eclipse.lsp4j.jsonrpc.services.GenericEndpoint.request(GenericEndpoint.java:120)
	at org.eclipse.lsp4j.jsonrpc.RemoteEndpoint.handleRequest(RemoteEndpoint.java:261)
	... 9 more

Nov 07, 2022 3:19:02 PM org.eclipse.lsp4j.jsonrpc.RemoteEndpoint handleCancellation
WARNING: Unmatched cancel notification for request id 34
2022.11.07 15:19:03 WARN  no build target for: /Users/saianoop/Downloads/wikipedia/project/metals.sbt
2022.11.07 15:19:03 WARN  no build target for: /Users/saianoop/Downloads/wikipedia/project/project/metals.sbt
2022.11.07 15:19:03 INFO  skipping build import with status 'Started'
2022.11.07 15:19:08 INFO  [info] welcome to sbt 1.6.2 (AdoptOpenJDK Java 11.0.11)
2022.11.07 15:19:15 INFO  [info] loading global plugins from /Users/saianoop/.sbt/1.0/plugins
2022.11.07 15:19:31 INFO  [info] loading settings for project wikipedia-build-build from metals.sbt ...
2022.11.07 15:19:32 INFO  [info] loading project definition from /Users/saianoop/Downloads/wikipedia/project/project
2022.11.07 15:19:45 INFO  [info] loading settings for project wikipedia-build from metals.sbt ...
2022.11.07 15:19:47 INFO  [info] loading project definition from /Users/saianoop/Downloads/wikipedia/project
2022.11.07 15:20:12 INFO  [success] Generated .bloop/wikipedia-build.json
2022.11.07 15:20:12 INFO  [success] Total time: 26 s, completed 07-Nov-2022, 3:20:13 PM
2022.11.07 15:20:18 INFO  [info] loading settings for project root from build.sbt ...
2022.11.07 15:20:18 INFO  [info] set current project to wikipedia (in build file:/Users/saianoop/Downloads/wikipedia/)
2022.11.07 15:20:20 INFO  [success] Generated .bloop/root-test.json
2022.11.07 15:20:20 INFO  [success] Generated .bloop/root.json
2022.11.07 15:20:20 INFO  [success] Total time: 2 s, completed 07-Nov-2022, 3:20:20 PM
2022.11.07 15:20:20 INFO  time: ran 'sbt bloopInstall' in 1m18s
2022.11.07 15:20:20 INFO  Attempting to connect to the build server...
2022.11.07 15:20:20 INFO  Bloop uses /Users/saianoop/.jabba/jdk/adopt@1.11.0-11/Contents/Home defined at /Users/saianoop/.bloop/bloop.json
2022.11.07 15:20:21 INFO  tracing is disabled for protocol BSP, to enable tracing of incoming and outgoing JSON messages create an empty file at /Users/saianoop/Downloads/wikipedia/.metals/bsp.trace.json or /Users/saianoop/Library/Caches/org.scalameta.metals/bsp.trace.json
2022.11.07 15:20:21 INFO  Attempting to connect to the build server...
2022.11.07 15:20:21 INFO  Bloop uses /Users/saianoop/.jabba/jdk/adopt@1.11.0-11/Contents/Home defined at /Users/saianoop/.bloop/bloop.json
2022.11.07 15:20:22 INFO  tracing is disabled for protocol BSP, to enable tracing of incoming and outgoing JSON messages create an empty file at /Users/saianoop/Downloads/wikipedia/project/.metals/bsp.trace.json or /Users/saianoop/Library/Caches/org.scalameta.metals/bsp.trace.json
2022.11.07 15:20:37 INFO  time: Connected to build server in 16s
2022.11.07 15:20:37 INFO  Connected to Build server: Bloop v1.5.4
2022.11.07 15:20:38 INFO  time: Imported build in 0.34s
2022.11.07 15:20:57 INFO  time: indexed workspace in 19s
2022.11.07 15:20:58 INFO  compiling root (2 scala sources)
2022.11.07 15:21:09 INFO  time: compiled root in 10s
2022.11.07 15:21:09 INFO  compiling root-test (1 scala source)
2022.11.07 15:21:09 INFO  time: compiled root-test in 16ms
2022.11.07 15:21:24 INFO  tracing is disabled for protocol dap-server, to enable tracing of incoming and outgoing JSON messages create an empty file at /Users/saianoop/Downloads/wikipedia/.metals/dap-server.trace.json or /Users/saianoop/Library/Caches/org.scalameta.metals/dap-server.trace.json
2022.11.07 15:21:24 INFO  tracing is disabled for protocol dap-client, to enable tracing of incoming and outgoing JSON messages create an empty file at /Users/saianoop/Downloads/wikipedia/.metals/dap-client.trace.json or /Users/saianoop/Library/Caches/org.scalameta.metals/dap-client.trace.json
2022.11.07 15:21:25 INFO  Starting debug proxy for [wikipedia.WikipediaRanking]
2022.11.07 15:21:33 INFO  Trying to attach to remote debuggee VM localhost:58482 .
2022.11.07 15:21:33 INFO  Attaching to debuggee VM succeeded.
2022.11.07 15:21:34 ERROR WARNING: An illegal reflective access operation has occurred
2022.11.07 15:21:34 ERROR WARNING: Illegal reflective access by org.apache.spark.unsafe.Platform (file:/Users/saianoop/Library/Caches/Coursier/v1/https/repo1.maven.org/maven2/org/apache/spark/spark-unsafe_2.13/3.2.0/spark-unsafe_2.13-3.2.0.jar) to constructor java.nio.DirectByteBuffer(long,int)
2022.11.07 15:21:34 ERROR WARNING: Please consider reporting this to the maintainers of org.apache.spark.unsafe.Platform
2022.11.07 15:21:34 ERROR WARNING: Use --illegal-access=warn to enable warnings of further illegal reflective access operations
2022.11.07 15:21:34 ERROR WARNING: All illegal access operations will be denied in a future release
2022.11.07 15:21:34 ERROR Using Spark's default log4j profile: org/apache/spark/log4j-defaults.properties
2022.11.07 15:21:34 ERROR 22/11/07 15:21:35 INFO SparkContext: Running Spark version 3.2.0
2022.11.07 15:21:34 ERROR 22/11/07 15:21:35 WARN NativeCodeLoader: Unable to load native-hadoop library for your platform... using builtin-java classes where applicable
2022.11.07 15:21:35 ERROR 22/11/07 15:21:35 INFO ResourceUtils: ==============================================================
2022.11.07 15:21:35 ERROR 22/11/07 15:21:35 INFO ResourceUtils: No custom resources configured for spark.driver.
2022.11.07 15:21:35 ERROR 22/11/07 15:21:35 INFO ResourceUtils: ==============================================================
2022.11.07 15:21:35 ERROR 22/11/07 15:21:35 INFO SparkContext: Submitted application: Wikipedia
2022.11.07 15:21:35 ERROR 22/11/07 15:21:35 INFO ResourceProfile: Default ResourceProfile created, executor resources: Map(cores -> name: cores, amount: 1, script: , vendor: , memory -> name: memory, amount: 1024, script: , vendor: , offHeap -> name: offHeap, amount: 0, script: , vendor: ), task resources: Map(cpus -> name: cpus, amount: 1.0)
2022.11.07 15:21:35 ERROR 22/11/07 15:21:35 INFO ResourceProfile: Limiting resource is cpu
2022.11.07 15:21:35 ERROR 22/11/07 15:21:35 INFO ResourceProfileManager: Added ResourceProfile id: 0
2022.11.07 15:21:35 ERROR 22/11/07 15:21:35 INFO SecurityManager: Changing view acls to: saianoop
2022.11.07 15:21:35 ERROR 22/11/07 15:21:35 INFO SecurityManager: Changing modify acls to: saianoop
2022.11.07 15:21:35 ERROR 22/11/07 15:21:35 INFO SecurityManager: Changing view acls groups to: 
2022.11.07 15:21:35 ERROR 22/11/07 15:21:35 INFO SecurityManager: Changing modify acls groups to: 
2022.11.07 15:21:35 ERROR 22/11/07 15:21:35 INFO SecurityManager: SecurityManager: authentication disabled; ui acls disabled; users  with view permissions: Set(saianoop); groups with view permissions: Set(); users  with modify permissions: Set(saianoop); groups with modify permissions: Set()
2022.11.07 15:21:36 ERROR 22/11/07 15:21:36 INFO Utils: Successfully started service 'sparkDriver' on port 58490.
2022.11.07 15:21:36 ERROR 22/11/07 15:21:36 INFO SparkEnv: Registering MapOutputTracker
2022.11.07 15:21:36 ERROR 22/11/07 15:21:36 INFO SparkEnv: Registering BlockManagerMaster
2022.11.07 15:21:36 ERROR 22/11/07 15:21:37 INFO BlockManagerMasterEndpoint: Using org.apache.spark.storage.DefaultTopologyMapper for getting topology information
2022.11.07 15:21:36 ERROR 22/11/07 15:21:37 INFO BlockManagerMasterEndpoint: BlockManagerMasterEndpoint up
2022.11.07 15:21:36 ERROR 22/11/07 15:21:37 INFO SparkEnv: Registering BlockManagerMasterHeartbeat
2022.11.07 15:21:36 ERROR 22/11/07 15:21:37 INFO DiskBlockManager: Created local directory at /private/var/folders/4p/q__46jps0299_v9st9dnyj3c0000gn/T/blockmgr-5860f00c-e9e1-4125-81a6-df276752e5f2
2022.11.07 15:21:36 ERROR 22/11/07 15:21:37 INFO MemoryStore: MemoryStore started with capacity 1048.8 MiB
2022.11.07 15:21:36 ERROR 22/11/07 15:21:37 INFO SparkEnv: Registering OutputCommitCoordinator
2022.11.07 15:21:36 ERROR 22/11/07 15:21:37 INFO Utils: Successfully started service 'SparkUI' on port 4040.
2022.11.07 15:21:36 ERROR 22/11/07 15:21:37 INFO SparkUI: Bound SparkUI to 0.0.0.0, and started at http://laptop-06ffkoer.resource.campus.njit.edu:4040
2022.11.07 15:21:38 ERROR 22/11/07 15:21:38 INFO Executor: Starting executor ID driver on host laptop-06ffkoer.resource.campus.njit.edu
2022.11.07 15:21:38 ERROR 22/11/07 15:21:38 INFO Utils: Successfully started service 'org.apache.spark.network.netty.NettyBlockTransferService' on port 58491.
2022.11.07 15:21:38 ERROR 22/11/07 15:21:38 INFO NettyBlockTransferService: Server created on laptop-06ffkoer.resource.campus.njit.edu:58491
2022.11.07 15:21:38 ERROR 22/11/07 15:21:38 INFO BlockManager: Using org.apache.spark.storage.RandomBlockReplicationPolicy for block replication policy
2022.11.07 15:21:38 ERROR 22/11/07 15:21:38 INFO BlockManagerMaster: Registering BlockManager BlockManagerId(driver, laptop-06ffkoer.resource.campus.njit.edu, 58491, None)
2022.11.07 15:21:38 ERROR 22/11/07 15:21:38 INFO BlockManagerMasterEndpoint: Registering block manager laptop-06ffkoer.resource.campus.njit.edu:58491 with 1048.8 MiB RAM, BlockManagerId(driver, laptop-06ffkoer.resource.campus.njit.edu, 58491, None)
2022.11.07 15:21:38 ERROR 22/11/07 15:21:38 INFO BlockManagerMaster: Registered BlockManager BlockManagerId(driver, laptop-06ffkoer.resource.campus.njit.edu, 58491, None)
2022.11.07 15:21:38 ERROR 22/11/07 15:21:38 INFO BlockManager: Initialized BlockManager: BlockManagerId(driver, laptop-06ffkoer.resource.campus.njit.edu, 58491, None)
2022.11.07 15:21:38 ERROR Exception in thread "main" java.lang.ExceptionInInitializerError
2022.11.07 15:21:38 ERROR 	at wikipedia.WikipediaRanking.main(WikipediaRanking.scala)
2022.11.07 15:21:38 ERROR Caused by: java.lang.RuntimeException: Please download the dataset as explained in the assignment instructions
2022.11.07 15:21:38 ERROR 	at scala.sys.package$.error(package.scala:27)
2022.11.07 15:21:38 ERROR 	at wikipedia.WikipediaData$.filePath(WikipediaData.scala:7)
2022.11.07 15:21:38 ERROR 	at wikipedia.WikipediaRanking$.<clinit>(WikipediaRanking.scala:27)
2022.11.07 15:21:38 ERROR 	... 1 more
2022.11.07 15:21:38 ERROR 22/11/07 15:21:38 INFO SparkContext: Invoking stop() from shutdown hook
2022.11.07 15:21:38 ERROR 22/11/07 15:21:38 INFO SparkUI: Stopped Spark web UI at http://laptop-06ffkoer.resource.campus.njit.edu:4040
2022.11.07 15:21:38 ERROR 22/11/07 15:21:38 INFO MapOutputTrackerMasterEndpoint: MapOutputTrackerMasterEndpoint stopped!
2022.11.07 15:21:38 ERROR 22/11/07 15:21:38 INFO MemoryStore: MemoryStore cleared
2022.11.07 15:21:38 ERROR 22/11/07 15:21:38 INFO BlockManager: BlockManager stopped
2022.11.07 15:21:38 ERROR 22/11/07 15:21:38 INFO BlockManagerMaster: BlockManagerMaster stopped
2022.11.07 15:21:38 ERROR 22/11/07 15:21:38 INFO OutputCommitCoordinator$OutputCommitCoordinatorEndpoint: OutputCommitCoordinator stopped!
2022.11.07 15:21:38 ERROR 22/11/07 15:21:38 INFO SparkContext: Successfully stopped SparkContext
2022.11.07 15:21:38 ERROR 22/11/07 15:21:38 INFO ShutdownHookManager: Shutdown hook called
2022.11.07 15:21:38 ERROR 22/11/07 15:21:38 INFO ShutdownHookManager: Deleting directory /private/var/folders/4p/q__46jps0299_v9st9dnyj3c0000gn/T/spark-653609a1-a29a-4806-b725-d619ea417ec4
2022.11.07 15:21:39 INFO  Closing debug server tcp://0.0.0.0:58476
2022.11.07 15:21:39 INFO  Canceling debug proxy for [wikipedia.WikipediaRanking]
Nov 07, 2022 3:22:06 PM org.eclipse.lsp4j.jsonrpc.services.GenericEndpoint notify
INFO: Unsupported notification method: $/setTrace
2022.11.07 15:23:37 INFO  Deduplicating compilation of root from bsp client 'Metals 0.11.9' (since 3m 16.086s)
2022.11.07 15:23:38 INFO  tracing is disabled for protocol dap-server, to enable tracing of incoming and outgoing JSON messages create an empty file at /Users/saianoop/Downloads/wikipedia/.metals/dap-server.trace.json or /Users/saianoop/Library/Caches/org.scalameta.metals/dap-server.trace.json
2022.11.07 15:23:38 INFO  tracing is disabled for protocol dap-client, to enable tracing of incoming and outgoing JSON messages create an empty file at /Users/saianoop/Downloads/wikipedia/.metals/dap-client.trace.json or /Users/saianoop/Library/Caches/org.scalameta.metals/dap-client.trace.json
2022.11.07 15:23:39 INFO  Starting debug proxy for [wikipedia.WikipediaRanking]
2022.11.07 15:23:51 INFO  Trying to attach to remote debuggee VM localhost:58628 .
2022.11.07 15:23:51 INFO  Attaching to debuggee VM succeeded.
2022.11.07 15:23:52 ERROR WARNING: An illegal reflective access operation has occurred
2022.11.07 15:23:52 ERROR WARNING: Illegal reflective access by org.apache.spark.unsafe.Platform (file:/Users/saianoop/Library/Caches/Coursier/v1/https/repo1.maven.org/maven2/org/apache/spark/spark-unsafe_2.13/3.2.0/spark-unsafe_2.13-3.2.0.jar) to constructor java.nio.DirectByteBuffer(long,int)
2022.11.07 15:23:52 ERROR WARNING: Please consider reporting this to the maintainers of org.apache.spark.unsafe.Platform
2022.11.07 15:23:52 ERROR WARNING: Use --illegal-access=warn to enable warnings of further illegal reflective access operations
2022.11.07 15:23:52 ERROR WARNING: All illegal access operations will be denied in a future release
2022.11.07 15:23:52 ERROR Using Spark's default log4j profile: org/apache/spark/log4j-defaults.properties
2022.11.07 15:23:52 ERROR 22/11/07 15:23:52 INFO SparkContext: Running Spark version 3.2.0
2022.11.07 15:23:52 ERROR 22/11/07 15:23:53 WARN NativeCodeLoader: Unable to load native-hadoop library for your platform... using builtin-java classes where applicable
2022.11.07 15:23:53 ERROR 22/11/07 15:23:53 INFO ResourceUtils: ==============================================================
2022.11.07 15:23:53 ERROR 22/11/07 15:23:53 INFO ResourceUtils: No custom resources configured for spark.driver.
2022.11.07 15:23:53 ERROR 22/11/07 15:23:53 INFO ResourceUtils: ==============================================================
2022.11.07 15:23:53 ERROR 22/11/07 15:23:53 INFO SparkContext: Submitted application: Wikipedia
2022.11.07 15:23:53 ERROR 22/11/07 15:23:53 INFO ResourceProfile: Default ResourceProfile created, executor resources: Map(cores -> name: cores, amount: 1, script: , vendor: , memory -> name: memory, amount: 1024, script: , vendor: , offHeap -> name: offHeap, amount: 0, script: , vendor: ), task resources: Map(cpus -> name: cpus, amount: 1.0)
2022.11.07 15:23:53 ERROR 22/11/07 15:23:53 INFO ResourceProfile: Limiting resource is cpu
2022.11.07 15:23:53 ERROR 22/11/07 15:23:53 INFO ResourceProfileManager: Added ResourceProfile id: 0
2022.11.07 15:23:53 ERROR 22/11/07 15:23:53 INFO SecurityManager: Changing view acls to: saianoop
2022.11.07 15:23:53 ERROR 22/11/07 15:23:53 INFO SecurityManager: Changing modify acls to: saianoop
2022.11.07 15:23:53 ERROR 22/11/07 15:23:53 INFO SecurityManager: Changing view acls groups to: 
2022.11.07 15:23:53 ERROR 22/11/07 15:23:53 INFO SecurityManager: Changing modify acls groups to: 
2022.11.07 15:23:53 ERROR 22/11/07 15:23:53 INFO SecurityManager: SecurityManager: authentication disabled; ui acls disabled; users  with view permissions: Set(saianoop); groups with view permissions: Set(); users  with modify permissions: Set(saianoop); groups with modify permissions: Set()
2022.11.07 15:23:53 ERROR 22/11/07 15:23:54 INFO Utils: Successfully started service 'sparkDriver' on port 58638.
2022.11.07 15:23:53 ERROR 22/11/07 15:23:54 INFO SparkEnv: Registering MapOutputTracker
2022.11.07 15:23:53 ERROR 22/11/07 15:23:54 INFO SparkEnv: Registering BlockManagerMaster
2022.11.07 15:23:53 ERROR 22/11/07 15:23:54 INFO BlockManagerMasterEndpoint: Using org.apache.spark.storage.DefaultTopologyMapper for getting topology information
2022.11.07 15:23:53 ERROR 22/11/07 15:23:54 INFO BlockManagerMasterEndpoint: BlockManagerMasterEndpoint up
2022.11.07 15:23:53 ERROR 22/11/07 15:23:54 INFO SparkEnv: Registering BlockManagerMasterHeartbeat
2022.11.07 15:23:53 ERROR 22/11/07 15:23:54 INFO DiskBlockManager: Created local directory at /private/var/folders/4p/q__46jps0299_v9st9dnyj3c0000gn/T/blockmgr-14cada1e-138a-41a6-a595-ec39c7c07a4c
2022.11.07 15:23:53 ERROR 22/11/07 15:23:54 INFO MemoryStore: MemoryStore started with capacity 1048.8 MiB
2022.11.07 15:23:53 ERROR 22/11/07 15:23:54 INFO SparkEnv: Registering OutputCommitCoordinator
2022.11.07 15:23:54 ERROR 22/11/07 15:23:54 INFO Utils: Successfully started service 'SparkUI' on port 4040.
2022.11.07 15:23:54 ERROR 22/11/07 15:23:55 INFO SparkUI: Bound SparkUI to 0.0.0.0, and started at http://laptop-06ffkoer.resource.campus.njit.edu:4040
2022.11.07 15:23:54 ERROR 22/11/07 15:23:55 INFO Executor: Starting executor ID driver on host laptop-06ffkoer.resource.campus.njit.edu
2022.11.07 15:23:54 ERROR 22/11/07 15:23:55 INFO Utils: Successfully started service 'org.apache.spark.network.netty.NettyBlockTransferService' on port 58639.
2022.11.07 15:23:54 ERROR 22/11/07 15:23:55 INFO NettyBlockTransferService: Server created on laptop-06ffkoer.resource.campus.njit.edu:58639
2022.11.07 15:23:54 ERROR 22/11/07 15:23:55 INFO BlockManager: Using org.apache.spark.storage.RandomBlockReplicationPolicy for block replication policy
2022.11.07 15:23:54 ERROR 22/11/07 15:23:55 INFO BlockManagerMaster: Registering BlockManager BlockManagerId(driver, laptop-06ffkoer.resource.campus.njit.edu, 58639, None)
2022.11.07 15:23:54 ERROR 22/11/07 15:23:55 INFO BlockManagerMasterEndpoint: Registering block manager laptop-06ffkoer.resource.campus.njit.edu:58639 with 1048.8 MiB RAM, BlockManagerId(driver, laptop-06ffkoer.resource.campus.njit.edu, 58639, None)
2022.11.07 15:23:54 ERROR 22/11/07 15:23:55 INFO BlockManagerMaster: Registered BlockManager BlockManagerId(driver, laptop-06ffkoer.resource.campus.njit.edu, 58639, None)
2022.11.07 15:23:54 ERROR 22/11/07 15:23:55 INFO BlockManager: Initialized BlockManager: BlockManagerId(driver, laptop-06ffkoer.resource.campus.njit.edu, 58639, None)
2022.11.07 15:23:55 ERROR Exception in thread "main" java.lang.ExceptionInInitializerError
2022.11.07 15:23:55 ERROR 	at wikipedia.WikipediaRanking.main(WikipediaRanking.scala)
2022.11.07 15:23:55 ERROR Caused by: java.lang.RuntimeException: Please download the dataset as explained in the assignment instructions
2022.11.07 15:23:55 ERROR 	at scala.sys.package$.error(package.scala:27)
2022.11.07 15:23:55 ERROR 	at wikipedia.WikipediaData$.filePath(WikipediaData.scala:7)
2022.11.07 15:23:55 ERROR 	at wikipedia.WikipediaRanking$.<clinit>(WikipediaRanking.scala:27)
2022.11.07 15:23:55 ERROR 	... 1 more
2022.11.07 15:23:55 ERROR 22/11/07 15:23:55 INFO SparkContext: Invoking stop() from shutdown hook
2022.11.07 15:23:55 ERROR 22/11/07 15:23:55 INFO SparkUI: Stopped Spark web UI at http://laptop-06ffkoer.resource.campus.njit.edu:4040
2022.11.07 15:23:55 ERROR 22/11/07 15:23:56 INFO MapOutputTrackerMasterEndpoint: MapOutputTrackerMasterEndpoint stopped!
2022.11.07 15:23:55 ERROR 22/11/07 15:23:56 INFO MemoryStore: MemoryStore cleared
2022.11.07 15:23:55 ERROR 22/11/07 15:23:56 INFO BlockManager: BlockManager stopped
2022.11.07 15:23:55 ERROR 22/11/07 15:23:56 INFO BlockManagerMaster: BlockManagerMaster stopped
2022.11.07 15:23:55 ERROR 22/11/07 15:23:56 INFO OutputCommitCoordinator$OutputCommitCoordinatorEndpoint: OutputCommitCoordinator stopped!
2022.11.07 15:23:55 ERROR 22/11/07 15:23:56 INFO SparkContext: Successfully stopped SparkContext
2022.11.07 15:23:55 ERROR 22/11/07 15:23:56 INFO ShutdownHookManager: Shutdown hook called
2022.11.07 15:23:55 ERROR 22/11/07 15:23:56 INFO ShutdownHookManager: Deleting directory /private/var/folders/4p/q__46jps0299_v9st9dnyj3c0000gn/T/spark-3b583a62-e854-4109-9cde-b6352b846a48
2022.11.07 15:23:55 INFO  Closing debug server tcp://0.0.0.0:58603
2022.11.07 15:23:56 INFO  Canceling debug proxy for [wikipedia.WikipediaRanking]
2022.11.09 23:29:32 INFO  shutting down Metals
2022.11.09 23:29:34 INFO  Shut down connection with build server.
2022.11.09 23:29:34 INFO  Shut down connection with build server.
